FtfduMP++DoqpBe+8J27sVzid3v32eYcazq096dnGFDBg1Xl7aBhiHlvdtqxSkJ+sdrZnGx7sK7T7ipJ5VS3Dz/kO+s0vhlQqGqQ31Nbe2MgQ1YJeqcJ
hr2nyCowJfPcKHk3O7PrXQTwdFqI439ROyx+D/BNvj01CshMVxR4SPLk0JSTkGSG1zzhemL6JezRF+0JAy1TLMSvjMY2XNI6ERlMADXd2ig6z3CNt5k29/2K9YQ1ERJaf/GNnMBT4V3h4O3wDT/i8ozqnpZFKg2EoPv8toeeXiG59IsnqzTPE7h+FegcOoS3Lzsny5RzgpG2p8U=
q5SyoO0KJyO6+mmjXpySbiPsKZAV6sFUv4EoKqyNtQ5sU0rY04WOAWpj7ZVlIOk4gc8eAmkKeo6ZusGMZHu4vssOAjndlO9f10RDW7w+kaAQCjgPCxuDU0hjThlypwE=
bxkwJWbitCX7/7iPr1Eav2LNw/tPWLqwwF92CWuKiv1VyjIoMoTxGFyNhJJo/WO99dc4sYqNDuQhg7l8TUeS3r/83rJWk4VrLY8GW6AFfKcP
tob8SLvQEl/dDzGD8TJFXd/4242Yog+Y1FQMv6lj2N23iAxpRuYQl1yK3XQIqlWeztwKm275KQzj1uHbH5cnbacc
NcYeGW6Zz5iOmFMA7iYlqKb5tK6vT0aZOk1Jrk8Evd44ZWSruazz4yfBveS+oN1ex91ebBgF4nfHukoxxrzqPQ0l3LvnqLLFhJiHutixlDuWQHuApTtkiVoXSnVQemh0kVaaydr6Ge/XGSy8Ic5ghLE067qhcVaHnf7zgH0BF9mjr6fa
IBcXZr8au3uyglbbxFfb60h3+qjJO7NgzVqOF+Q6ueYUV7yon6s/+ucrQ42ywdak6TPhnCXXL1tHa3YSDmPNq+Xf/juINWSnFw==
PmsWVb3Eg3PfuqwOH0rwIZwFinpShUtEvq4hDSOE/4nRUkElUpK3nMVBh6C58gJnOILtBiBPQPjTQ6t6c0OPXc7Z4sQ9i71sqX/bG3ODeiLSGxkLkUdCa0QdcKcD
OX04MRzGLsakQTzaQmw8/wTQi7x9Ih67vHD/F1UAK3a4D+I2r9YCO1rwqWd5OqHn9dVUrUAUf79nBJN7yTuhx8DKSK+bmzOzGCO+OWKnEQ==
ohdVhEkSemoEV/yspXmhpB8598lAQLPfEcBvPnR/Po4LNmaj5mAl7/26JW95Reg1pHTbBzv037MNe2WPDPoUV/+7F6vkM7IxZqcV
NixBfigxJ7+t/mGugTObzhw598lAQLPfEcBvPnR/Po4LNmaj5mAl7/26JW95Reg1pHTbBzv037MMe2WPDPoUV/+7F6vkM7IxZqcV
Rc4mWLZC5EKJeTdnl/is8xdKxqjJO7NgzVqOF+Q6ueYUV7yon6s/+ucrQ42ywdak6TPhnCXXLltHa3YSDmPNq+Xf/juINWSnFw==
pr/TK4g34KjPoK/PsRGNehRKxqjJO7NgzVqOF+Q6ueYUV7yon6s/+ucrQ42ywdak6TPhnCXXLltHa3YSDmPNq+Xf/juINWSnFw==
HnLx1bgZETxPWk675HPDySgDj4V8/gliED4MWyvL4NAOT3mBjHjJ3trEDWZhzSvPnMItDOgyxR9LVJ0DDgFZxKMe0eM/jzdlpxQ=
53l3rQJznj978RDI44xcOysDj4V8/gliED4MWyvL4NAOT3mBjHjJ3trEDWZhzSvPnMItDOgyxR9LVJ0DDgFZxKMe0eM/jzdlpxQ=
qLp1xyNyKodXHQnAEb7qWmMl1DNzjLCcqP3DsQyOvv0tV/SylRAahskgqZfn8cwQWfqwGPkxqzZ5ZSY7ddrT7MX1B4Ura6cW
ScbLnt3dS+MKGiRTiUBZ6gTQi7x9Ihm1qm7lGFUAK3a4D+I2r9YCO1rwqWd5OqHn9dVUrUAUf79nBJN7yDuhx8DKSK+bmzOzGCO+OWKnEQ==
uKEq9JaNgp8vwaMvNWhhJSgDj4Vi5AZiED4MWyvL4NAOT3mBjHjJ3trEDWZhzSvPnMItDOgyxR9LVJ0DDgFZxKMe0eM/jzdlpxQ=
gcL6CG53/a1RL/kJ66+RGysDj4Vi5AZiED4MWyvL4NAOT3mBjHjJ3trEDWZhzSvPnMItDOgyxR9LVJ0DDgFZxKMe0eM/jzdlpxQ=
ZeE2T6ZcelRpd/ynN2UnuhdKxrbTNLNgzVqOF+Q6ueYUV7yon6s/+ucrQ42ywdak6TPhnCXXLltHa3YSDmPNq+Xf/juINWSnFw==
KN1tLLmT2/v32iKQSmRhIBRKxrbTNLNgzVqOF+Q6ueYUV7yon6s/+ucrQ42ywdak6TPhnCXXLltHa3YSDmPNq+Xf/juINWSnFw==
TqbocjKYy5ELHPNwvixLoBw598lAXqnQEcBvPnR/Po4LNmaj5mAl7/26JW95Reg1pHTbBzv037MMe2WPDPoUV/+7F6vkM7IxZqcV
NJfDDj9enB4oeBWxdDn0oR8598lAXqnQEcBvPnR/Po4LNmaj5mAl7/26JW95Reg1pHTbBzv037MMe2WPDPoUV/+7F6vkM7IxZqcV
lmb2jbQ9jLhkYTrfNkhQPmAl1DNzjLCcqP3DsQyOvv0tV/SylRAahskgqZfn8cwQWfqwGPkxqzZ5ZSY7ddrT7MX1B4Ura6cW
pxnRW8DLNa/VKcrko0avwRdK0ajJO7NgzVqOF+Q6ueYUV7yon6s/+ucrQ42ywdak6TPhnCXXLltHa3YSDmPNq+Xf/juINWSnFw==
6wMWKiN9cR82qkbFYQtiP2cnyCJ5jLCcqP3DsQyOvv0tV/SylRAahskgqZfn8cwQWfqwGPkxqzZ5ZSY7ddrT7MX1B4Ura6cW
MZwSWRqaBVxVzNiXwYqTHhRK0bbTNLNgzVqOF+Q6ueYUV7yon6s/+ucrQ42ywdak6TPhnCXXLltHa3YSDmPNq+Xf/juINWSnFw==
k7meAvxqoZY0sO0bdHEHdZ0FinpShUtEvq4hDSOE/4nRUkElUpK3nMVBh6C58gJnOILtBiBPQPjTQ6t6c0OPXc7Z4sQ9i71sqX/aG3ODeiLSGxkLkUdCa0QdcKcD
HMwlizclSODEvfvaWl1nrxVK0bLDO7NgzVqOF+Q6ueYUV7yon6s/+ucrQ42ywdak6TPhnCXXLltHa3YSDmPNq+Xf/juINWSnFw==
8DZCNofIAUVZ6jSn+nAMHxJK0bXJNbNgzVqOF+Q6ueYUV7yon6s/+ucrQ42ywdak6TPhnCXXLltHa3YSDmPNq+Xf/juINWSnFw==
jyi5gTsb7oh36CgzM0Zs3U957LbTNLNgzVqOF+Q6ueYUV7yon6s/+ucrQ42ywdak6TPhnCXXLltHa3YSDmPNq+Xf/juINWSnFw==
FwwOru/GoUdFFs6AZY2HPHIfiZp49AViED4MWyvL4NAOT3mBjHjJ3trEDWZhzSvPnMItDOgyxR9LVJ0DDgFZxKMe0eM/jzdlpxQ=
NI9H2e0kmmyKM7kXE37PcEh36rXJNbNgzVqOF+Q6ueYUV7yon6s/+ucrQ42ywdak6TPhnCXXLltHa3YSDmPNq+Xf/juINWSnFw==
VszsMjVrxy3qmW6OAMyxnX4Dj6lm9AliED4MWyvL4NAOT3mBjHjJ3trEDWZhzSvPnMItDOgyxR9LVJ0DDgFZxKMe0eM/jzdlpxQ=
/CapDHDe42esGbweO3L2IJ4FinpShUtEvq4hDSOE/4nRUkElUpK3nMVBh6C58gJnOILtBiBPQPjTQ6t6c0OPXc7Z4sQ9i71sqX/aG3ODeiLSGxkLkUdCa0QdcKcD
6sE8E4+EZkSVXcN+B+NKIhZ8+7TKOrNgzVqOF+Q6ueYUV7yon6s/+ucrQ42ywdak6TPhnCXXLltHa3YSDmPNq+Xf/juINWSnFw==
N07c7do5iDR3Dtkanp7odFTS+81YAC7Jy3depuUEMAQYVSPJ3Mb+JV2/1IqFGBqe+QjJb7c5DEipkhCgabkrrsnNxkOlkpM0tR0nvTtjpw4=
0PfP+GWOuZjXIxe/S3TkLVTS+81YACLVzURApukEMAQYVSPJ3Mb+JV2/1IqFGBqe+QjJb7c5DEipkhCgaborrsnNxkOlkpM0tR0nvTtjpw4=
r7siNKfSJuzng9+cXTaLJR8598lAWrnfEcBvPnR/Po4LNmaj5mAl7/26JW95Reg1pHTbBzv037MPe2WPDPoUV/+7F6vkM7IxZqcV
pIstaU1DF06CUvFg1/RtZxw598lAWrnfEcBvPnR/Po4LNmaj5mAl7/26JW95Reg1pHTbBzv037MPe2WPDPoUV/+7F6vkM7IxZqcV
sOFGAQ2YGVncvXp64DSfhBdKxrLDO7NgzVqOF+Q6ueYUV7yon6s/+ucrQ42ywdak6TPhnCXXLVtHa3YSDmPNq+Xf/juINWSnFw==
NUP4nVg1sGAh01bwZS8zOBRKxrLDO7NgzVqOF+Q6ueYUV7yon6s/+ucrQ42ywdak6TPhnCXXLVtHa3YSDmPNq+Xf/juINWSnFw==
KMMQ2QizJHz2OIrc2z7ruCgFhaZbyAViED4MWyvL4NAOT3mBjHjJ3trEDWZhzSvPnMItDOgyxRxLVJ0DDgFZxKMe0eM/jzdlpxQ=
m0yp8y1Wq4wSvaldoHHWeSsFhaZbyAViED4MWyvL4NAOT3mBjHjJ3trEDWZhzSvPnMItDOgyxRxLVJ0DDgFZxKMe0eM/jzdlpxQ=
s3sJjZyCotn3rgdME1L9yWMn3yJ5jLCcqP3DsQyOvv0tV/SylRAahskgqZfn8cwQWfqwGPkyqzZ5ZSY7ddrT7MX1B4Ura6cW
WCEhYx6+YgXLyJerss6LHmAn3yJ5jLCcqP3DsQyOvv0tV/SylRAahskgqZfn8cwQWfqwGPkyqzZ5ZSY7ddrT7MX1B4Ura6cW
62y7kZR/ObPmwXYLnMHAAx8598lAXbPREcBvPnR/Po4LNmaj5mAl7/26JW95Reg1pHTbBzv037MPe2WPDPoUV/+7F6vkM7IxZqcV
dizrGXwH4Ky1jD2B09Zd+xw598lAXbPREcBvPnR/Po4LNmaj5mAl7/26JW95Reg1pHTbBzv037MPe2WPDPoUV/+7F6vkM7IxZqcV
3yfadyloS/XryFLOgJiK7RdKxrXJNbNgzVqOF+Q6ueYUV7yon6s/+ucrQ42ywdak6TPhnCXXLVtHa3YSDmPNq+Xf/juINWSnFw==
eOnUkaBsYrWh8sDLenf0JhRKxrXJNbNgzVqOF+Q6ueYUV7yon6s/+ucrQ42ywdak6TPhnCXXLVtHa3YSDmPNq+Xf/juINWSnFw==
3z9swLMsdpSAkePQgzraNwTQi7x9Ih67rG3/GVUAK3a4D+I2r9YCO1rwqWd5OqHn9dVUrUAUf79nBJN7yzuhx8DKSK+bmzOzGCO+OWKnEQ==
n3K0UPTQzX542x6unixLzC5GgbUVXRRgrcDwWOABk2W0Il6ZxctEBg2cmgJBnDkDH51stPEmwOyh/mtysRn2b032swit6TexM2enEg==
/0WC6RLyjEV1Zw6Xt51oRkXT68pOJxrOw39atuoEMAQYVSPJ3Mb+JV2/1IqFGBqe+QjJb7c5DEipkhCgaborrsnNxkOlkpM0tR0nvTtjpw4=
R3RrDgRrHscwq1UZtW22alqx+kifPJNZyHanPHTwpCs591BZNwyE/dZyuDP8LnWgWH4dUIsYRU8+LQEow/LJzw+DL2mnGA==
OxLC0whl0waEYtR+gSZStlqx+kifPJNZyHKlMnTwpCs591BZNwyE/dZyuDP8LnWgWH4dUIsYRU8+LQEow/LJzw+DL2mnGA==
ISv15JFM9UdVCoG2QbFmKJdW/wLJQ/Agt/t9Y47JX////zl11i4dZHk0Y7djFLdDh/vtP6RazCcH+8/73BOaIW6nHQ==
mwAZnDIwQL+VvFtDIMlQRJAnVndW43+fYmhmUrrMWyCS/R/6k3pFUlrSoZzJwlJmeDlDDaFF7kxfkAu1+Hq/8BR8fGcJGwj1t6DcEeY+YL+c4m2saJKF/Es0XaOOoZnko/4Rg79vd0WnNA==
U0ul3J0M2+ordlgWGqND2TfV4vL36NM2V8nVOpp5U2epHx8aHX/Ntemwg0BOVRSlRuRRb28l1JRBTSVcOzqu3ahyWBdPYmB6teI6BHXbVcwx70Gb6xPiwnpL0cvZN2qLfG1Ipzs=
nVxQq49hhxTVySFfME1iZPaEJ1eNrSoBhh6IHc/VDwesVF1eWt65kPkuSkoYFZvhkQm2gJ9cU/lIlmdcdNDki7mXkHk3LESdVtL4E/xOtUDY3t0wi/gF775NQcjD0glvj2NvSac4
Mxpc9vQ5RX9bgjQpH8AFjTHe5PvT78cgcdnVP5ldSWWkHx8aHX/Ntemwg0BOVRSlRuRRb28l1JRBTSVcOzqu3ahyWBdPYmB6teI6BHXbVcwx70Gb6xPiwnpL0cvZN2qLfG1Ipzs=
uP5zEtRkNGfIX/6nls9VpRd+YCxRRiViWuLBrAkSMvb4qeNdYbXOPF9gK8W4qh9glOycN0kr6MW3kDwhpm6ALxxyzXwo4qUMS0R9U07xOXQjbnFTf18XdacE
l4Pyqu27at3ShuzOQFhfSANa5PIeq3ADdE8tZlrmybgZBhoS2M3LiTHhBvgfpOOR6H63BDQINKPZv2BBNxS0tTb6KMu8FmWoeLZtyAuAtQceJREQA4pZR29LH3GnAA==
ubQppGv3yJdBo+xyGvyoMHM1mRjFp93noeDaZE02kZyGhEg/f/eJC6qevwaHPwDEy7LEWmB9AfUsh/dWcHt+oPQd7CSRlgCcge9rYpFpNt8tZjOYTVl3QRN3pwI=
NB2Fi4cYIaTXaeIvWqTzdTHe5PvT78cgcdnVP5ldSWW/Hx8aHX/Ntemwg0BOVRSlRuRRb28l1JRBTSVcOzqu3ahyWBdPYmB6teI6BHXbVcwx70Cb6xPiwnpL0cvZN2qLfG1Ipzs=
J5Ll6+jNwvlTnl5GjpyPsiqQgr5PBvfyhwt4H2+KivtkhGg5PImwchiHk4Jk0C21+J48s6qBGOQhg7l8TUeU27/73rJWk4VrLY8GW6AFfKcP
8ldqoRaF06dCs8GPkotr2vsx8iTyklNGvlynFjE4sUhy0JaTonB44MofqWS4RTrQrl7JM/38D9AvZICtNoFC9qQLeFjCYtofeLH9AIeW+dfZyqVL7JtgAAa4bqvewa6i3JJKniE9S2iamF44GXTc/GVv4UTLisEKQXF0Wgq0XlnQ3mbnBm7jTi2x9KLJZxl6ripALccr+nuJyc4LrwroxgFK3S7fKCqzZGrMni/nGz0GfXqOln/4hnK0TZ86a8YCjLRYSWrRXO0th9jnHN+rZCJIxpNWlIN6mDmdZC+7aoEAALyI9o6Ly0skzb0t3j7MNEi0ICV4X9xlsOmD88xMQHnq8IhZY6tm2fVmK1WKU7zl5UcVizunRg==
PYftbZT5zWTVOTZL86seagbxyR0ezTGGLIVP3jdbJUq61COoHQBY7SVmjoKF/OEl6lufr33V8xTcuBrKcyaExNFU0aqC0lZZofk9ISJrlenyKlggTVyPmnrwuoaHPr1W9xcuW1WQn1o5B3+k6XeQzV2tqSHneyYga8RvFhySEZouUB1Tk8cWkMN3jIHP3LXM1EGoevYTPnqawbEAI6MlgYcp+3rOLq0IX3GsI+jUQhbXsJzYqwijWW40cM4HjrtkQHzirPAH4PzG4vTzERCXCqoQ10O3Qo7pNYFAwiRiryBhQB0bdsGjSTyzVcZZpjcYucPbP7HfZz0yvZeEhbuljMGPkJs7s9KCymvhS4kX+ktsjTinSw==
6kB3SjADy7uVw+H/6LXrgERlFkX4gn9ycmT2CJSqpZGdyYQNVYTgHy/+NSqIDcMk9xgafPjEf2jBmNx9wS7Coon0hRUu4+MvgW23JDiwFuq/7uBUVcyN6l7KUkmFMXFBruMxmTbSZCBxpEvq3ng25sv2mUbzD/IbCQgbyl3Ps4Tlf3T9GRVVoZvD4hAPzGM2UNr1CqrIwZPP3xKA5z9AYUNUETyQOZR6ymt6ij5JPeDv6wGRgzGnuhK2KZi7OeAD5NwmJhMI4FhXsOdpijx87stG3/TE5L7sLB/k7OIquJOdmDN6bujrQ4u6SpmRCcyiaKqLMGVYwVsqWSfZWHuZ5lWu0yj9eye/zWejDVa1m6TJ80EcRRdMW2er1pLuIy2rBZ9euyj1BKd3
6kB3SjADy7uVw+H/6LXrgERlFkX4gn9ycmT2CJSqpZGdyYQNVYTgHy/+NSqIDcMk9xgafPjEf2jBmNx9wS7Coon0hRUu4+MvgW23JDiwFuq/7uBUVcyN6l7KUkmFMXFBruMxmTbSZCBxpEvq3ng25sv2mUbzD/IbCQgbyl3Ps4Tlf3T9GRVVoZvD4hAPzGM2UNr1CqrIwZPP3xKA5z9AYUNUETyQOZR6ymt6ij5JPeDv6wGRgzGnuhK2KZi7OeAD5NwmJhMI4FhXsOdpijx87stG3/TE5L7sLB/k7OIquJOdmDN6bujrQ4u6SpmRCcyiaKqLMGVYwVsqWSfZWHuZ5lWu0yj9eye/zWejDVa1m6TJ80EcRRdMW2er1pLuIy2rBZ9euyj1BKd3
WIPkEwk+HlnMJ9NfIowufH0pOx2/MjCr9gMJ329OGtDSMJOt0MiM2Aki0PCJySm+6f2Gk8ViE6QVreft2xOnHg==
sk9ZFhALpXFnedWLctrZWmsWx7IXWwJ7z4XtWadIz262IBCazsdZAwe6mlxKlCMRGJxstPEmwOyh/WlysRn2b032swit6TexM2enEg==
puvpOAzYWBGFXqlKt3yjRH80mtQ+kUwvSGtGfVD3wbxeJVsU2tjIlXrhDf8fva2Y6GyrCiNTeqnBuWtsWg6uqiv7JNq8FmWoeLZtywmAtQceJREQA4pZR29LH3GnAA==
UnG52Un0iks4dxSM3pZ+f1Jx9r6GWrpp0FfJROc5t+scXLC1mqEZ+rkgS5egxtek6TPhnCXXLFlHa3YSDmPNq+Xf/juINWSnFw==
Kg9Hgd2l+2USQAPRdE/M/380mtQ+kUwvSGtGfVD3wbxeJVsU2tjIlXrhDf8fva2Y6GyrCiNTeqnBuWtsWg6uqiv7JNq8FmWoeLZtyQmAtQceJREQA4pZR29LH3GnAA==
rFgDAXN69dCBUGDvYDNWv1Jx9r6GWrpp0FfJROc5t+scXLC1mqEZ+rkgS5egxtek6TPhnCXXK1lHa3YSDmPNq+Xf/juINWSnFw==
c2bSODRXNvZChhRD9iljIH40mtQ+kUwvSGtGfVD3wbxeJVsU2tjIlXrhDf8fva2Y6GyrCiNTeqnBuWtsWg6uqiv7JNq8FmWoeLZtzgmAtQceJREQA4pZR29LH3GnAA==
A9XE/bEaAB+PvCTcC8fCiVJx9r6GWrpp0FfJROc5t+scXLC1mqEZ+rkgS5egxtek6TPhnCXXKllHa3YSDmPNq+Xf/juINWSnFw==
C54qh25Y60WR6csR+inxEX80mtQ+kUwvSGtGfVD3wbxeJVsU2tjIlXrhDf8fva2Y6GyrCiNTeqnBuWtsWg6uqiv7JNq8FmWoeLZtzwmAtQceJREQA4pZR29LH3GnAA==
t4hk4SVpFtkyMBrlqpabDfQfdGuDCwOt1ngw2BASLHdAoFUYViPGsV3JyDREIi7AY+LpfDCAncsAdQ0XBEMeD0AVIQMzRxss6jnku0Rl0bNSWx8HYkp5dWCSSjYSAmjYIRjNxF3LXewJP7gfU0OaonJbOQtxh+LrJF1QpyM=
WlaNUnliW7jIesMPaUIPWqAahWA/2hkMJl9CnmQPVTToigaWsltpXijKHLvwLKwkYjiCpM3JiNeKocKtlnRsDVJC/2zqzy43uLtQXxUXSG5bXTLGAHZYVjpwg7xnVNdP32SbqxK/+RfI6jAfc1tbo8DDNklapyk=
mfPJVOG2glCvgiPA9uP1jZAeuwDTUfA8kLgkc56ATf/1ui1/gCQcaG00Y7djFLdDhv/tP6RazCcH+8/73BOaIW6nHQ==
kC7AoxGAkflgJrE1pIWiVikfg7d6/hliED4MWyvL4NAOT3mBjHjJ3trEDWZhzSvPnMItDOgyxRdPVJ0DDgFZxKMe0eM/jzdlpxQ=
/C/sedjeZB5b9SrbiT7IJURwgdMieg7OHl66783Al+lYYG7Iqu8QOOMju3pjo6wSGmNyRI3rTSz5n+Ifg6Mq4mK76YsBpxIrtD1gpxM=
Ks7zqn7Zm8QtYvdMEJfoqlJx9r6GWrpp0FfJROc5t+scXLC1mqEZ+rkgS5egxtek6TPhnCXXKV5Ha3YSDmPNq+Xf/juINWSnFw==
Ut/33Dq9XlGwysniF73RgH40mtQ+kUwvSGtGfVD3wbxeJVsU2tjIlXrhDf8fva2Y6GyrCiNTeqnBuWtsWg6uqiv7JNq8FmWoeLZtzA6AtQceJREQA4pZR29LH3GnAA==
VRn4NlukTfnOXGiNzk/C6ENTpNPFdhDvowLB1fC+u2zPvuiKmMlyy79MPkRIXvVeX8yGDAtThvmLl4LPmJfWmZezheuNtIxVgtsiCbfrBPept9SGr62mXoj/w8muAPfU+/Rr5wu0b1PcejUu/Lpkdw87R4v08yJRVqcl
dhpIG3yvWm+QOURfWyU2br8sbI5KS53MzXCB1P2Rn+JQ5Bj+w5qbVPRhY4zvH9Xkd2VASFEGKj5Tw/XJ3pXeogCAaCbiQtrPAOuhx6qagZWIgkY/DRUAuFlIlYTle4UM4c81mtvyMgIqK0FLKdfaywxNWKcr
F24ZHZ6adgCVl7ZnAk9z3FJx9r6GWrpp0FfJROc5t+scXLC1mqEZ+rkgS5egxtek6TPhnCXXJlpHanYSDmPNq+Xf/juINWSnFw==
wAjXi9Z1sOiPPvkagPbii380mtQ+kUwvSGtGfVD3wbxeJVsU2tjIlXrhDf8fva2Y6GyrCiNTeqnBuWtsWg6uqiv7JNq8FmWoeLZtwwqAtAceJREQA4pZR29LH3GnAA==
SgEUDn/seIcB8F9Q7aT6FVLG4MBbJiHUgnJZ44QNORkVEnDK38jzLVazyY+PPhrA8gDTfbA4DEipkhCgabkprsjNxkOlkpM0tR0nvTtjpw4=
MdYyYacUZNHIXbqEiNOmL1Jx9r6GWrpp0FfJROc5t+scXLC1mqEZ+rkgS5egxtek6TPhnCXXLVlHanYSDmPNq+Xf/juINWSnFw==
7bfRUxpx9v8U0e5CMK2RnX40mtQ+kUwvSGtGfVD3wbxeJVsU2tjIlXrhDf8fva2Y6GyrCiNTeqnBuWtsWg6uqiv7JNq8FmWoeLZtyAmAtAceJREQA4pZR29LH3GnAA==
H4zyCf1MsCOWUsgjD7QDlFLG4MBbJiHUgnJZ44QNORkVEnDK38jzLVazyY+PPhrA8gDTfbA4DEipkhCgabsprsjNxkOlkpM0tR0nvTtjpw4=
BP9MJVSCBO8h7c/fmMkq/hj9sCfZb9lQyGS7MmOr6iEh8Vt0Whae4stztCL8LnWgWH4dV4kYRE8+LQEow/LJzw+DL2mnGA==
yai9bubrLkFca0KmTffgF1Jx9r6GWrpp0FfJROc5t+scXLC1mqEZ+rkgS5egxtek6TPhnCXXKFlHanYSDmPNq+Xf/juINWSnFw==
2FdAakECpbEQypUVATQhAFpxmIYiNAzCWl65796blfRLYVOLuOQcJeYpnXo9qLcHDH5zRI3rTSz5n+ofg6Iq4mK76YsBpxIrtD1gpxM=
KsRZq7YmY9GQdDtBzIEhnmrP3PtOWbTmzhw4Ei6Gha8iwyEkP4n/K1SMiJVy0QH6odAjt5iWH+Qhg7l8TUeQ37/63rJWk4VrLY8GW6AFfKcP
isf9dDvTvH1JisoxWpgE/mrM3PtOWbTmzhw4Ei6Gha8iwyEkP4n/K1SMiJVy0QH6odAjt5iWH+Qhg7l8TUeT3r/63rJWk4VrLY8GW6AFfKcP
MM8c+FL+mKUFvBlDppiwHWrM3PtOWbTmzhw4Ei6Gha8iwyEkP4n/K1SMiJVy0QH6odAjt5iWH+Qhg7l8TUeS3r/63rJWk4VrLY8GW6AFfKcP
LY4xn0d47e//4NKPHdExS2rN3PtOWbTmzhw4Ei6Gha8iwyEkP4n/K1SMiJVy0QH6odAjt5iWH+Qhg7l8TUeU27/53rJWk4VrLY8GW6AFfKcP
OpPgYJK81Xa6ZiNAIWpyikcDtfEWeS7Q/9Ft7x+tTaiovAt6o+MaeQHJS3xaHo7a6ytEajxmxXg4ho3bCZDXN951seCDOrkXL7s/YacQ
QJ8vqK4RkpROPOlQ7y5H638qivFqi1EuAHFsYE30zK5EEhoS19yOxDbzCvRK7amY6GyrCiNTeqnBuWtsWg6uqiv7JNq8FmWoeLZtzQmAtwceJREQA4pZR29LH3GnAA==
Zg6tRcwfm9UB8pydsclhXeVamc91CioDny48KShNOd1PM1er4nFRFjkQWAoVYzTfseD4kYugIQL8GNW6rt81dOshc4uYpPylhml9el1oV4dsvlNErSvtrFlfyx9jYUpigvuJi+HnsqsUfUCnMw==
x9huz38iX6G6ka9zErK5C7DEcQPi+X1ewUHDSbvUHQeyUxdQFN+1g7svQwkJCN6slhu6jMoVGfBIhHtSY4uqgaGRm1RaNl6CS9P0AvxOtUDY3t0wjvgH775NQcjD0glvj2NvSac4
5vpYxeBYUmD3uCpPIP5LkBjGl6YqHh706yr2PBcaLHv/XOE1odsKMFbtrG1fOv/s/c9GqkEUf79nBJN7zT6hxcDKSK+bmzOzGCO+OWKnEQ==
VSD1GWODGzhZ0LNtXD8zoXMe0b5aCk5phoLqX+1GwGa3LFORzsdZAwe6mlxKlCMRGJxstPEmwOyh9G5ysxn2b032swit6TexM2enEg==
l4sdpPdQZWUc2Uw4ArhVDkcAtfEWeS7Q/9Ft7x+tTaiovAt6o+MaeQHJS3xaHo7a6ytEajxmxXg4ho3cC5DWN951seCDOrkXL7s/YacQ
BuZrjnVnfpk2FffWRZ8EY38qivFqi1EuAHFsYE30zK5EEhoS19yOxDbzCvRK7amY6GyrCiNTeqnBuWtsWg6uqiv7JNq8FmWoeLZtygqAtgceJREQA4pZR29LH3GnAA==
EZmMuPdO99UDtVqcW8MNDl3+bGXtyfwVJCep7OJeVgSzih6sr5pU61c8OYXpG0Jgrs2EnUc655zV7z56iVS3Dz/kO+s5uhlUqGqQ31Nbe2MgQ1YJeqcJ
b323M1IXui/U5hTYe9YSZUcAtfEWeS7Q/9Ft7x+tTaiovAt6o+MaeQHJS3xaHo7a6ytEajxmxXg4ho3ZCZDWN951seCDOrkXL7s/YacQ
c5DaHlDQu2tKlAqS0yp4tn8pivFqi1EuAHFsYE30zK5EEhoS19yOxDbzCvRK7amY6GyrCiNTeqnBuWtsWg6uqiv7JNq8FmWoeLZtwwmAtgceJREQA4pZR29LH3GnAA==
wEpSKmGaPMVlDTZ+hEBDTOVamc91CioDny48KShNOd1IM1er4nFRFjkQWAoVYzTfseD4kYugIQL8GNW6rt81dOshc4uYpPylhml9el1oV4dsvlNErSvtrFlfzhhjYEpigvuJi+HnsqsUfUCnMw==
1ZyzDithi8fNVc7Q0l3/r7DEcQPi+X1ewUHDSbvUHQeyUxdQFN+1g7svQwkJCN6slhu6jMoVGfBIhHtSY4uqgaGRm1RaNl6CS9P0AvxOtUDY3t07iPgG775NQcjD0glvj2NvSac4
swdAqZQuTMynqMcQCCgiKhjGl6YqHh706yr2PBcaLHv/XOE1odsKMFbtrG1fOv/s/c9GqkEUf79nBJN7yj+hxMDKSK+bmzOzGCO+OWKnEQ==
mUM7xgOaoyLia50hNLLEA3Me0b5aCk5phoLqX+1GwGa3LFORzsdZAwe6mlxKlCMRGJxstPEmwOyh+m9yshn2b032swit6TexM2enEg==
1/ltNgTPPmSC0WFeNC0MM6DHztq08IhrTpTX28l06ttsDuycecrV4qqgUa/S6908a+Fwf7uV7sEOp1sctPccMnLl1qVKKH02BE0FIAsxbQBW9XeqyjQZlvJtb1kgeWFiPCSUGQ5MFyPWNjrz/G714Fi+nRCO2MYPPu2B6MOySQ8Pw6+pp9g=
FHWbwyvSrBoBlnZgIkWsYjT2+FW7pmre2fVRTaACL1wk9Ctny7Qv0x5+daw8uqT3TzuHC7Tz4tEWp2U=
uoT2ioHAMF2z1NdI4tR7ToYgOMJxdxrhIlhu8h+NTGC5inBoGUOuRpoV5kuVqlOcJYXH9csbp2Y=
XiZ4TCt5ntUuMUZucwmVvtG70I+EsA6KxURPr7Y22NeMyQs5SvgaglyK3XQIqlWVztwOm275KQzj1uHbH5cnbacc
vcjezjeLnzJ7PdM5e1Hr3aDHztq08IhrTpTX28l06ttsDuycecrV4qqgUa/S6908a+Fwf7uV7sEOp1sctPccMnLl1qVKKH02BE0FIAsxbQBW9XeqyjQZlvJtb1kgeWFiPCSUGQ5MFyPWNjrz/G714Fi+nRGO2MYPPu2B6MOySQ8Pw6+pp9g=
FHWbwyvSrBoBlnZgIkWsYjT2+FW7pmre2fVRTaACL1wk9Ctny7Qv0x5+daw8uqT3TzuHC7Tz4tEWp2U=
uoT2ioHAMF2z1NdI4tR7ToYgOMJxdxrhIlhu8h+NTGC5inBoGUOuRpoV5kuVqlOcJYXH9csbp2Y=
XiZ4TCt5ntUuMUZucwmVvtG70I+EsA6KxURPr7Y22NeMyQs5SvgaglyK3XQIqlWVztwOm275KQzj1uHbH5cnbacc
vcjezjeLnzJ7PdM5e1Hr3aDHztq08IhrTpTX28l06ttsDuycecrV4qqgUa/S6908a+Fwf7uV7sEOp1sctPccMnLl1qVKKH02BE0FIAsxbQBW9XeqyjQZlvJtb1kgeWFiPCSUGQ5MFyPWNjrz/G714Fi+nRGO2MYPPu2B6MOySQ8Pw6+pp9g=
FHWbwyvSrBoBlnZgIkWsYjT2+FW7pmre2fVRTaACL1wk9Ctny7Qv0x5+daw8uqT3TzuHC7Tz4tEWp2U=
uoT2ioHAMF2z1NdI4tR7ToYgOMJxdxrhIlhu8h+NTGC5inBoGUOuRpoV5kuVqlOcJYXH9csbp2Y=
XiZ4TCt5ntUuMUZucwmVvtG70I+EsA6KxURPr7Y22NeMyQs5SvgaglyK3XQIqlWVztwOm275KQzj1uHbH5cnbacc
vcjezjeLnzJ7PdM5e1Hr3aDHztq08IhrTpTX28l06ttsDuycecrV4qqgUa/S6908a+Fwf7uV7sEOp1sctPccMnLl1qVKKH02BE0FIAsxbQBW9XeqyjQZlvJtb1kgeWFiPCSUGQ5MFyPWNjrz/G714Fi+nRGO2MYPPu2B6MOySQ8Pw6+pp9g=
FHWbwyvSrBoBlnZgIkWsYjT2+FW7pmre2fVRTaACL1wk9Ctny7Qv0x5+daw8uqT3TzuHC7Tz4tEWp2U=
uoT2ioHAMF2z1NdI4tR7ToYgOMJxdxrhIlhu8h+NTGC5inBoGUOuRpoV5kuVqlOcJYXH9csbp2Y=
XiZ4TCt5ntUuMUZucwmVvtG70I+EsA6KxURPr7Y22NeMyQs5SvgaglyK3XQIqlWVztwOm275KQzj1uHbH5cnbacc
ITCGQe3BH1IT146xW8GVdUcBtfEWeS7Q/9Ft7x+tTaiovAt6o+MaeQHJS3xaHo7a6ytEajxmxXg4ho3cDpDTMt50seCDOrkXL7s/YacQ
3LQ8LuryvHkSPyZ1rIG8238pivFqi1EuAHFsYE30zK5EEhoS19yOxDbzCvRK7amY6GyrCiNTeqnBuWtsWg6uqiv7JNq8FmWoeLZtywuAsgIeJBEQA4pZR29LH3GnAA==
XtlOx9ijzBcrDLNoueNa8jA0PTEWrZCkN24l0JaffnxWa5p8ymU5AAjU28LjG0pR4aF7ZFoGvrILAxSSfN4VEJgu/UqLCCKafpzhWENCaT9PUw95pwg=
fHFhI3ddiuvMAagLFnEX7l3/bGXtyfwVJCep7OJeVgSzih6sr5pU61c8OYXpG0Jgrs2EnUc655zV7z56iVS3Dz/kO+swuhlQrWqR31Nbe2MgQ1YJeqcJ
PfuupqufqISDI0XbnlLVH0cBtfEWeS7Q/9Ft7x+tTaiovAt6o+MaeQHJS3xaHo7a6ytEajxmxXg4ho3cCpDSMt50seCDOrkXL7s/YacQ
CX2R/qgvNXYXgRfYRvL3k38oivFqi1EuAHFsYE30zK5EEhoS19yOxDbzCvRK7amY6GyrCiNTeqnBuWtsWg6uqiv7JNq8FmWoeLZtzgmAsgIeJBEQA4pZR29LH3GnAA==
g7HY3eYcJf5ikrzj9N/wO+Vamc91CioDny48KShNOd1JM1er4nFRFjkQWAoVYzTfseD4kYugIQL8GNW6rt81dOshc4uYpPylhml9el1oV4dsvlNErSvtrFlfyRhjZE9ig/uJi+HnsqsUfUCnMw==
T9is1FdFukSrSXn0cwYH/LDEcQPi+X1ewUHDSbvUHQeyUxdQFN+1g7svQwkJCN6slhu6jMoVGfBIhHtSY4uqgaGRm1RaNl6CS9P0AvxOtUDY3t01iPgC6r5MQcjD0glvj2NvSac4
FWNbHeQLJCaR6QCKwfw7mRzF+sxccybJgj4epc5GKgMVEnDK38jzLVazyY+PPhrA8gDTfbA4DEipkhCgabkvrs7IxkKlkpM0tR0nvTtjpw4=
PRWaagPkkX/qXYMUotal8HMe0b5aCk5phoLqX+1GwGa3LFORzsdZAwe6mlxKlCMRGJxstPEmwOyh/29ythz2bk32swit6TexM2enEg==
G+W6lS8DbDDZ/gu2SRs5xEcDtfEWeS7Q/9Ft7x+tTaiovAt6o+MaeQHJS3xaHo7a6ytEajxmxXg4ho3aDpDSMt50seCDOrkXL7s/YacQ
E5HZj2wQf/H+P2yaeg7EPmf73VDWsPNCJjoCJcRJHVlbPtvp9adldS0opZIYoJn6YicRZO8pj6vE7DhVIvHx+tHw8/codo9k0SPpvH0ngtmv2yvyB3M1670vdptwZUynPw==
k2xFZm5F6sKUku0/TPchJXorm4Aii1c4T3ZxeRmkgKJVBhUQzcqOxDbzCvRK7amY6GyrCiNTeqnBuWtsWg6uqiv7JNq8FmWoeLZtyQiAtQIeJBEQA4pZR29LH3GnAA==
pRMVih950uacKuDD6ackCzSojhGpuzxZY87ziS13LTXlmN0y8DABevq3uYRXWUdrjLzgdUrBCfqpwBvXcKZHJJnTUdzVtxhYN0tDUv/DfSt1fy57WBV0pwc=
hQNF5iMG4RgXznPYVmPWLiBscGBL6ZC6dX4l2I2CfnxWa5p8ymU5AAjU28LjG0pR4aF7ZFoGvrILAxSSfN4VEJgu/UePCCWafpzhWENCaT9PUw95pwg=
WZ0aXLF+6TJXD/rs2aV2Wa6M4kz+3D0ur4ukSmkBV8O/pXdsZ1pqlGPaGBPjbO0tlbveCBo9EAXLumsEQZ+KkhX0S6drNI+T/n5Vb1k6xTdvO2dLVHNCEXanBQ==
V06/6vaPudYHcrdmU9qHRRjGl6YqHh706yr2PBcaLHv/XOE1odsKMFbtrG1fOv/s/c9GqkEUf79nBJN7wT6hx8XKSa+bmzOzGCO+OWKnEQ==
JiLJV9IBaGkmfnLQ6elzogEo15lnYEGCHFi1uo6flfRLYVOLuOQcJeYpnXo9qLcHDH5zRI3rTSz5n+obg6Iv4mO76YsBpxIrtD1gpxM=
0SAeV27gp124JgaTL/KIKnMe0b5aCk5phoLqX+1GwGa3LFORzsdZAwe6mlxKlCMRGJxstPEmwOyh+GtysBz2bk32swit6TexM2enEg==
Ffbg6virJfr6U4SJg/eLNkcAtfEWeS7Q/9Ft7x+tTaiovAt6o+MaeQHJS3xaHo7a6ytEajxmxXg4ho3TC5DUMt50seCDOrkXL7s/YacQ
lYfgEky9VGZOQYBWB2YmRWf72lDWsPNCJjoCJcRJHVlbPtvp9adldS0opZIYoJn6YicRZO8pj6vE7DhVIvHx+tHw8/codo9k0SPpvH0ngtqv2ivyB3M1670vdptwZUynPw==
McJNjzfXyGWjinDKBsgqkXorm4Aii1c4T3ZxeRmkgKJVBhUQzcqOxDbzCvRK7amY6GyrCiNTeqnBuWtsWg6uqiv7JNq8FmWoeLZtwwqAtAIeJBEQA4pZR29LH3GnAA==
y0NPEbzbqTQ76RfcZCRPQjSojhGpuzxZY87ziS13LTXlmN0y8DABevq3uYRXWUdrjLzgdUrBCfqpwBvXcKZHJJnTUdzVtx1ZN0pDUv/DfSt1fy57WBV0pwc=
aQf2gQMtyUFF7w/eMCijnK6M4kz+3D0ur4ukSmkBV8O/pXdsZ1pqlGPaGBPjbO0tlbveCBo9EAXLumsEQZ+KkhX0S6drNI+T+HlVblk6xTdvO2dLVHNCEXanBQ==
ckrnz91FF55oHazzh/7atBjGl6YqHh706yr2PBcaLHv/XOE1odsKMFbtrG1fOv/s/c9GqkEUf79nBJN7wTmhxsXKSa+bmzOzGCO+OWKnEQ==
eWfQOwaZZ/gB7igEhhxW3nMe0b5aCk5phoLqX+1GwGa3LFORzsdZAwe6mlxKlCMRGJxstPEmwOyh/GhysBz2bk32swit6TexM2enEg==
SMa/odG7hc1JNy7AOJtD1EcBtfEWeS7Q/9Ft7x+tTaiovAt6o+MaeQHJS3xaHo7a6ytEajxmxXg4ho3SCJDUMt50seCDOrkXL7s/YacQ
gwIbASbyMzMJLSsLXvR9NWf721DWsPNCJjoCJcRJHVlbPtvp9adldS0opZIYoJn6YicRZO8pj6vE7DhVIvHx+tHw8/codo9k0SPpvH0nhN+v2ivyB3M1670vdptwZUynPw==
735+21dJbbRK4sTRvz1rbHorm4Aii1c4T3ZxeRmkgKJVBhUQzcqOxDbzCvRK7amY6GyrCiNTeqnBuWtsWg6uqiv7JNq8FmWoeLZtzA+AtAIeJBEQA4pZR29LH3GnAA==
JhFYEdAjU0eB97LKcvV8f3orm4Aii1c4T3ZxeRmkgKJVBhUQzcqOxDbzCvRK7amY6GyrCiNTeqnBuWtsWg6uqiv7JNq8FmWoeLZtww+AtAIeJBEQA4pZR29LH3GnAA==
Ml9dMN8LWAHuvKMQ2FoiTjSojhGpuzxZY87ziS13LTXlmN0y8DABevq3uYRXWUdrjLzgdUrBCfqpwBvXcKZHJJnTUdzVtx1eN0pDUv/DfSt1fy57WBV0pwc=
iDGMX72Ex3iEEQT/DRlUn66M4kz+3D0ur4ukSmkBV8O/pXdsZ1pqlGPaGBPjbO0tlbveCBo9EAXLumsEQZ+KkhX0S6drNI+T+H5Vblk6xTdvO2dLVHNCEXanBQ==
Q2FqZp+Pd45ilv+MU7lyyRjGl6YqHh706yr2PBcaLHv/XOE1odsKMFbtrG1fOv/s/c9GqkEUf79nBJN7wT6hxsXKSa+bmzOzGCO+OWKnEQ==
JOXq3r3b/uSgzPWcn9Y0z3Me0b5aCk5phoLqX+1GwGa3LFORzsdZAwe6mlxKlCMRGJxstPEmwOyh/Wtysxz2bk32swit6TexM2enEg==
f88MJvuaLqVrpSokG4OvCku062ufJd1QyGS7MmOr6iEh8Vt0Whae4stztCL8LnWgWH4dU4kYR0o+LAEow/LJzw+DL2mnGA==
OfD+jNRuodjtvWnusTdokpG3zsOGuRWKgARCtbFl0/DakhZ2W+cchlyK3XQIqlWTydwPnm74KQzj1uHbH5cnbacc
b+QmlgWFU/BHewj5wgEIxlSmdOxHYiD2vidD1J6Mc+C7LFl3zja/ZLHjSTydZ6DYzxmLcuczFevd79YbkCVspx8=
ykcNvNaXDOCAxmOdjYn1aBkg1ohvMgffWlSluprblPNCbBzL4u8HJPoU/2A3tL0HCn5jRI3rTSz5n+wYg6Ev4mO76YsBpxIrtD1gpxM=
YscZ0o69tXk2+zKcSIrZGmC0doAe7cQR7ZgfMaObtQV1NA/Q2ZCGBl03rtxlTIYRoZNZVD0QIJudrICwLSDlkMcPEAqhlO9f10RDW744kaUVCjkPCxuDU0hjThlypwE=
KP9r5dluqxvLSULzeeDPvW0EnqYvsmIkFmdLEnfA4tJIHXmWkGH+msCQGmR72SzenMItDOgyxRxOVJ8GDgBZxKMe0eM/jzdlpxQ=
gZvCG03qdGn393IgO6/RWGC0doAe7cQR7ZgfMaObtQV1NA/Q2ZCGBl03rtxlTIYRoZNZVD0QIJudrICwLSDlkMcPEAqhlO9f10RDW7s+kaUVCjkPCxuDU0hjThlypwE=
QTMcqF2LIr8Bls5psQRNEUpkJH2bwH6ZnVKJ9N5L+ELaF2z0/42on8fIwPmzRhFpKjBUnN2TX/R3xlY53aNVTClwFGNR/NwY2aCROBvfXHKVdPtH23S/c+p+RU2perWXn7v364SzEnFGpzU=
xSbg83vLF5xeq+kwYPss7EpkJH2bwH6ZnVKJ9N5L+ELaF2z0/42on8fIwPmzRhFpKjBUnN2TX/R3xlY53aNVTClwFGNR/NwY2aCROBvfXHKVdPtH23S/c+V+RU2perWXn7v364SzEnFGpzU=
QVGrtJkQtoV85E0kZWeocW0EnqYvsmIkFmdLEnfA4tJIHXmWkGH+msCQGmR72SzenMItDOgyxRlLVJ4GDgBZxKMe0eM/jzdlpxQ=
2KFMwJHIIFTuivXJIJ/zrWG0doAe7cQR7ZgfMaObtQV1NA/Q2ZCGBl03rtxlTIYRoZNZVD0QIJudrICwLSDlkMcPEAqhlO9f10RDW747kaQVCjkPCxuDU0hjThlypwE=
Bsstb/8HOkRLC3nqdYJIzuLtp8vM2q/NTHCZ3o2ZlgOYlFgzMjJJ692GiAc3dhpaI/PIm8qgx4wGpvYhZ+hPjnZAGCuFvNi/eviAdhY+o3dYbGzUMcZATGHealJyvHaOjZaz6O2JtxFzR6cy
X2l4OjxzQM/v51kPqWe+411HvFt3GXiE12fglnl86fc+mWQC6EGmjNFhUQAIhbP4kuC/hVgJPj5/5moAVsPDRifUypbomdHCgHW2PkA0UnBrjYRaPIYFGLhmTbIKcJZSXpTxgIMa+bevG39BpzA=
Aj5QeRp9dwpISg+xKMC1MV1HvFt3GXiE12fglnl86fc+mWQC6EGmjNFhUQAIhbP4kuC/hVgJPj5/5moAVsPDRifUypbomdHCgHW2PkA0UnBrjYRaPIYFGLhmTb4IcJZSXpTxgIMa+bevG39BpzA=
NPZA2fK38w2vo4iipukrjG0EnqYvsmIkFmdLEnfA4tJIHXmWkGH+msCQGmR72SzenMItDOgyxRhIVJ4GDgBZxKMe0eM/jzdlpxQ=
vc0kitGtR35xFRnm9TFGBWG0doAe7cQR7ZgfMaObtQV1NA/Q2ZCGBl03rtxlTIYRoZNZVD0QIJudrICwLSDlkMcPEAqhlO9f10RDW784kaQVCjkPCxuDU0hjThlypwE=
XvXZVp0C55r3rkqskc5HeTSJna8VHPzyzgc4Wy3AjeYsjS8rN4jzYA6Hk5Ru7GPgq8wpt56WD+Qhg7l8TUef2L/427JXk4VrLY8GW6AFfKcP
as+nZK/VdeFXBy1TFswUim0EnqYvsmIkFmdLEnfA4tJIHXmWkGH+msCQGmR72SzenMItDOgyxRdIVJ4GDgBZxKMe0eM/jzdlpxQ=
a1kMibi+HUiyIcAWpFg962C0doAe7cQR7ZgfMaObtQV1NA/Q2ZCGBl03rtxlTIYRoZNZVD0QIJudrICwLSDlkMcPEAqhlO9f10RDW7A4kaQVCjkPCxuDU0hjThlypwE=
SGkMfbWiq7suiEiTEqF+VDSJna8VHPzyzgc4Wy3AjeYsjS8rN4jzYA6Hk5Ru7GPgq8wpt56WD+Qhg7l8TUeX37/427JXk4VrLY8GW6AFfKcP
inrc6d6/YLqQ3x4uSqcGwW0EnqYvsmIkFmdLEnfA4tJIHXmWkGH+msCQGmR72SzenMItDOgyxRpPVJ4GDgBZxKMe0eM/jzdlpxQ=
SKFyI5P/2tRzcyCWFp96pFQKcIDdzP7BafNBZFXQiAtlDMhANSD94A+vaJoJ1Advz6QLC0S/KXRdKiF/I9vrw/ADhilqpxk=
QEGAkVRNQYkFOcdfAwUJWd+2nIWfuR7Zg1VJrrB57pLAmAp8W+EcllyK3XQIqlWUztwOnm74KQzj1uHbH5cnbacc
GNXaHi9q24smS7Cum6hJb1yC0eUlQVCz6Hf+PFVMdjHxU+k0rZBQO03ssFA9IPXw989AqlEUf79nBJN7zj6hxMXKSa+bmzOzGCO+OWKnEQ==
5Sk1h5UGagEmJHYfxC6+WGCqZqVK99kQpYI1LL6YuBdvA07W1JTAVxElqdcwHIIRoZNZVD0QIJudrICwLSDlkMcPEAqhlO9f10RDW787kasVCjkPCxuDU0hjThlypwE=
TCLUOSBTf6gXBHvxp6PRJF9cu0BwAn+f0HznjX5p7/k8mGQI7V6wiNl+Q0pKwLLvk/P7kVAJbX45rCETTMPDRifUypbomdHCgHW2PkA0UnBrjYRaPIYFGLhmTb0JcJlSXpTxgIMa+bevG39BpzA=
EPU9QWor4BSschwEhammTS8QrCfNBEYIFgmHdROwDcGv6BbU34uJ4lh2H0UC2Ijn6YXBR6icGoEJc+EkddDoy8WMaIBVIB2gry/I2unUJ69vJOvLJr8JO/2qQb/D28sDkINmaUqnOQ==
wJDX3AfZ5PbYTjrgr0D79L2rsIiRH+StlfF/R/BTEhUIiaGFozBiOSql9fKJwHnfjA+bKhfY0rqItQkOMBkussC4yhzbQVx2XKodFIgKFXTKvMA+7hhpLOO2IXufd2dNpzw=
tgMJx1T4RM8gBg9qM4AmhU7E59cPPCeHgTRRqsVRLF1fHH/C3sS4d12oyJOyXADK7grTe7AoDEipkhCgab8qrsTIxkKlkpM0tR0nvTtjpw4=
ygLJOMtQg/i6WqceBN5US0jE59cPPCeHgTRRqsVRLF1fHH/C3sS4d12oyJOyXADK7grTe7AoDEipkhCgabwprsTIxkKlkpM0tR0nvTtjpw4=
2lvcdlBeEbfzSD/UnLWbwwEowIQiY0vNE1OivNDVm/tDYF/A4u8HJPoU/2A3tL0HCn5jRI3rTSz5n+0Zg64v4mO76YsBpxIrtD1gpxM=
tqqg4ljA2kO9S+yjcbdb71yB0eUlQVCz6Hf+PFVMdjHxU+k0rZBQO03ssFA9IPXw989AqlEUf79nBJN7yzihysXKSa+bmzOzGCO+OWKnEQ==
EH1tyvhamyGehV1MmbVT6mCpZqVK99kQpYI1LL6YuBdvA07W1JTAVxElqdcwHIIRoZNZVD0QIJudrICwLSDlkMcPEAqhlO9f10RDW7A4kaoVCjkPCxuDU0hjThlypwE=
Q0liG3jPPozz5sitJgMBEl9cu0BwAn+f0HznjX5p7/k7mGQI7V6wiNl+Q0pKwLLvk/P7kVAJbX45rCETTMPDRifUypbomdHCgHW2PkA0UnBrjYRaPIYFGLhmTbwPcJhSXpTxgIMa+bevG39BpzA=
edt0S6pA2vPOZddH1nTatC8QrCfNBEYIFgmHdROwDcGv6BbU34uJ4lh2H0UC2Ijn6YXBR6icGoEJc+EkddDoy8WMaIBVIB2gry/I2unUJ69vJOvLIb4JOv2qQb/D28sDkINmaUqnOQ==
gsXIzD/ui452hHMODhMmYL2rt4iRH+StlfF/R/BTEhUIiaGFozBiOSql9fKJwHnfjA+bKhfY0rqItQkOMBkussC4yhzbQVx2XKodFIgKFXHOvMA+7hhpLOO2IXufd2dNpzw=
7ia/p3Oay4VmvWljBCetY0jE59cPPCeHgTRRqsVRLF1fHH/C3sS4d12oyJOyXADK7grTe7AoDEipkhCgabgrrs3JxkKlkpM0tR0nvTtjpw4=
VBtNepotxA103ZLYBMM03wEowIQiY0vNE1OivNDVm/tDYF/A4u8HJPoU/2A3tL0HCn5jRI3rTSz5n+kbg6cu4mO76YsBpxIrtD1gpxM=
oRgxkcTbcmqIElggCY0vglyA0eUlQVCz6Hf+PFVMdjHxU+k0rZBQO03ssFA9IPXw989AqlEUf79nBJN7wDuhw8TKSa+bmzOzGCO+OWKnEQ==
cnWqp8i/lNCHUx/Bh5oZW2CoZqVK99kQpYI1LL6YuBdvA07W1JTAVxElqdcwHIIRoZNZVD0QIJudrICwLSDlkMcPEAqhlO9f10RDW7k5kaMUCjkPCxuDU0hjThlypwE=
ifvKtJ51zUnaC4j0jboR9V9cu0BwAn+f0HznjX5p7/k7mGQI7V6wiNl+Q0pKwLLvk/P7kVAJbX45rCETTMPDRifUypbomdHCgHW2PkA0UnBrjYRaPIYFGLhmTboIcJFTXpTxgIMa+bevG39BpzA=
H4+jQZRs53xth4b0kO1dwF9cu0BwAn+f0HznjX5p7/k6mGQI7V6wiNl+Q0pKwLLvk/P7kVAJbX45rCETTMPDRifUypbomdHCgHW2PkA0UnBrjYRaPIYFGLhmTbwIcJFTXpTxgIMa+bevG39BpzA=
29JopVigDs/BFwT6/ioohS8QrCfNBEYIFgmHdROwDcGv6BbU34uJ4lh2H0UC2Ijn6YXBR6icGoEJc+EkddDoy8WMaIBVIB2gry/I2unUJ69vJOvLIL8JM/yqQb/D28sDkINmaUqnOQ==
N3Xdpi37W8yLxYuqYiqNQb2rtoiRH+StlfF/R/BTEhUIiaGFozBiOSql9fKJwHnfjA+bKhfY0rqItQkOMBkussC4yhzbQVx2XKodFIgKFX/PvMk/7hhpLOO2IXufd2dNpzw=
Apah+clQ8RD3Z1vHkXvMfUjE59cPPCeHgTRRqsVRLF1fHH/C3sS4d12oyJOyXADK7grTe7AoDEipkhCgabsurs3JxkKlkpM0tR0nvTtjpw4=
XzHFDejbPR/5cSMxsP9Z5QEowIQiY0vNE1OivNDVm/tDYF/A4u8HJPoU/2A3tL0HCn5jRI3rTSz5n+0eg6cu4mO76YsBpxIrtD1gpxM=
ofH4SFMcTWKZ3nBUum6SI1QKcIDdzP7BafNBZFXQiAtlDMhANSD94A+vaJoJ1Advz6QLC0m+KXNcKiF/I9vrw/ADhilqpxk=
zX7PNZnlINKy83Eq7gcR2dda4U7LSusg8rtsc4mcVMixoHlokz8EYm00Y7djFLdDgfvtOqBazScH+8/73BOaIW6nHQ==
AgF9AQjBY3KgPeX3ff+/M6DHztq08IhrTpTX28l06ttsDuycecrV4qqgUa/S6908a+Fwf7uV7sEOp1sctPccMnLl1qVKKH02BE0FIAsxbQBW9XeqyjQZlvJtb1kgeWFiPCSUGQ5MFyPWNjrz/G714Fi+nRKJ2MALPuyB6MOySQ8Pw6+pp9g=
sYWmN57EBGIiDSbhGvNB9zT2+FW7pmre2fVRTaACL1wk9Ctny7Qv0x15dao4uqX3TzuHC7Tz4tEWp2U=
ponXvzK+riRWWP4alGlKNYYgOMJxdxrhIlhu8h+NTGC5inBoGUCpRpwR5kqVqlOcJYXH9csbp2Y=
j/d6cNIahJi5K7SMOf/MldG70I+EsA6KxURPr7Y22NeMyQs5SvgaglyK3XQIqlWWydwIn274KQzj1uHbH5cnbacc
AgF9AQjBY3KgPeX3ff+/M6DHztq08IhrTpTX28l06ttsDuycecrV4qqgUa/S6908a+Fwf7uV7sEOp1sctPccMnLl1qVKKH02BE0FIAsxbQBW9XeqyjQZlvJtb1kgeWFiPCSUGQ5MFyPWNjrz/G714Fi+nRKJ2MALPuyB6MOySQ8Pw6+pp9g=
sYWmN57EBGIiDSbhGvNB9zT2+FW7pmre2fVRTaACL1wk9Ctny7Qv0x15dao4uqX3TzuHC7Tz4tEWp2U=
ponXvzK+riRWWP4alGlKNYYgOMJxdxrhIlhu8h+NTGC5inBoGUCpRpwR5kqVqlOcJYXH9csbp2Y=
j/d6cNIahJi5K7SMOf/MldG70I+EsA6KxURPr7Y22NeMyQs5SvgaglyK3XQIqlWWydwIn274KQzj1uHbH5cnbacc
AgF9AQjBY3KgPeX3ff+/M6DHztq08IhrTpTX28l06ttsDuycecrV4qqgUa/S6908a+Fwf7uV7sEOp1sctPccMnLl1qVKKH02BE0FIAsxbQBW9XeqyjQZlvJtb1kgeWFiPCSUGQ5MFyPWNjrz/G714Fi+nRKJ2MALPuyB6MOySQ8Pw6+pp9g=
sYWmN57EBGIiDSbhGvNB9zT2+FW7pmre2fVRTaACL1wk9Ctny7Qv0x15dao4uqX3TzuHC7Tz4tEWp2U=
ponXvzK+riRWWP4alGlKNYYgOMJxdxrhIlhu8h+NTGC5inBoGUCpRpwR5kqVqlOcJYXH9csbp2Y=
j/d6cNIahJi5K7SMOf/MldG70I+EsA6KxURPr7Y22NeMyQs5SvgaglyK3XQIqlWWydwIn274KQzj1uHbH5cnbacc
AgF9AQjBY3KgPeX3ff+/M6DHztq08IhrTpTX28l06ttsDuycecrV4qqgUa/S6908a+Fwf7uV7sEOp1sctPccMnLl1qVKKH02BE0FIAsxbQBW9XeqyjQZlvJtb1kgeWFiPCSUGQ5MFyPWNjrz/G714Fi+nRKJ2MALPuyB6MOySQ8Pw6+pp9g=
sYWmN57EBGIiDSbhGvNB9zT2+FW7pmre2fVRTaACL1wk9Ctny7Qv0x15dao4uqX3TzuHC7Tz4tEWp2U=
ponXvzK+riRWWP4alGlKNYYgOMJxdxrhIlhu8h+NTGC5inBoGUCpRpwR5kqVqlOcJYXH9csbp2Y=
j/d6cNIahJi5K7SMOf/MldG70I+EsA6KxURPr7Y22NeMyQs5SvgaglyK3XQIqlWWydwIn274KQzj1uHbH5cnbacc
AgF9AQjBY3KgPeX3ff+/M6DHztq08IhrTpTX28l06ttsDuycecrV4qqgUa/S6908a+Fwf7uV7sEOp1sctPccMnLl1qVKKH02BE0FIAsxbQBW9XeqyjQZlvJtb1kgeWFiPCSUGQ5MFyPWNjrz/G714Fi+nRKJ2MALPuyB6MOySQ8Pw6+pp9g=
2uSplL1xVWc921OasjTd1zT2+FW7pmre2fVRTaACL1wk9Ctny7Qv0xx5dao4uqX3TzuHC7Tz4tEWp2U=
cpw9UthRu+o4/ZZUkI8g04YgOMJxdxrhIlhu8h+NTGC5inBoGUGpRpwR5kqVqlOcJYXH9csbp2Y=
7qyNPOXxOcIen1ijAxBmDNG70I+EsA6KxURPr7Y22NeMyQs5SvgaglyK3XQIqlWXydwIn274KQzj1uHbH5cnbacc
xHPT+OQrU8hG67JDveTwXGsWx7IXWwJ7z4XtWadIz262IBCazsdZAwe6mlxKlCMRGJxstPEmwOyh+GlytB32bk32swit6TexM2enEg==
wzswqJSZYx5FT7g3R37Lv380mtQ+kUwvSGtGfVD3wbxeJVsU2tjIlXrhDf8fva2Y6GyrCiNTeqnBuWtsWg6uqiv7JNq8FmWoeLZtzgmAsAMeJBEQA4pZR29LH3GnAA==
we5i9hlUNlUW8ul85fCWIBs214V2NQrYWhL+qZSflfRLYVOLuOQcJeYpnXo9qLcHDH5zRI3rTSz5n+0Zg6Yu4mO76YsBpxIrtD1gpxM=
9MqoxuCZEdefYke4cpw0ilJx9r6GWrpp0FfJROc5t+scXLC1mqEZ+rkgS5egxtek6TPhnCXXKFlHbnISD2PNq+Xf/juINWSnFw==
9NBimfpDHXUFwSy9OjKq+X40mtQ+kUwvSGtGfVD3wbxeJVsU2tjIlXrhDf8fva2Y6GyrCiNTeqnBuWtsWg6uqiv7JNq8FmWoeLZtzQmAsAMeJBEQA4pZR29LH3GnAA==
DwJU9MMkgeh++Z15eeBAqBs214V2NQrYWhL+qZSflfRLYVOLuOQcJeYpnXo9qLcHDH5zRI3rTSz5n+MZg6Yu4mO76YsBpxIrtD1gpxM=
AvQAVkIT+yKoO4fkN1RGZ1Jx9r6GWrpp0FfJROc5t+scXLC1mqEZ+rkgS5egxtek6TPhnCXXLVhHbXISD2PNq+Xf/juINWSnFw==
PZ7H8Ryjn09lI5vwHzw+bn40mtQ+kUwvSGtGfVD3wbxeJVsU2tjIlXrhDf8fva2Y6GyrCiNTeqnBuWtsWg6uqiv7JNq8FmWoeLZtyAiAswMeJBEQA4pZR29LH3GnAA==
J2NwZqdN4SkgzWCtNr1o9FLG4MBbJiHUgnJZ44QNORkVEnDK38jzLVazyY+PPhrA8gDTfbA4DEipkhCgab0ors/JxkKlkpM0tR0nvTtjpw4=
oXaeE6WJK7dowMlt0nKP0VJx9r6GWrpp0FfJROc5t+scXLC1mqEZ+rkgS5egxtek6TPhnCXXKFhHbXISD2PNq+Xf/juINWSnFw==
evDnBvqQJJAU/Ym6tTTKpH40mtQ+kUwvSGtGfVD3wbxeJVsU2tjIlXrhDf8fva2Y6GyrCiNTeqnBuWtsWg6uqiv7JNq8FmWoeLZtzQiAswMeJBEQA4pZR29LH3GnAA==
rONjnZIPqnKTt+l8LapyvRs214V2NQrYWhL+qZSflfRLYVOLuOQcJeYpnXo9qLcHDH5zRI3rTSz5n+IYg6Uu4mO76YsBpxIrtD1gpxM=
sSLkmhSjVYrrEa1wLU2PllJx9r6GWrpp0FfJROc5t+scXLC1mqEZ+rkgS5egxtek6TPhnCXXLl9HbXISD2PNq+Xf/juINWSnFw==
vHNq8Vok8oY2c/ANiMXEvX80mtQ+kUwvSGtGfVD3wbxeJVsU2tjIlXrhDf8fva2Y6GyrCiNTeqnBuWtsWg6uqiv7JNq8FmWoeLZtyw+AswMeJBEQA4pZR29LH3GnAA==
u5rm6LaFrzsUN7j5ru2pb1Jx9r6GWrpp0FfJROc5t+scXLC1mqEZ+rkgS5egxtek6TPhnCXXKV9HbXISD2PNq+Xf/juINWSnFw==
/jVU5u/b0yqWcbiVdJqVoX80mtQ+kUwvSGtGfVD3wbxeJVsU2tjIlXrhDf8fva2Y6GyrCiNTeqnBuWtsWg6uqiv7JNq8FmWoeLZtzA+AswMeJBEQA4pZR29LH3GnAA==
QAj6wB9vtxtz1X/zeoQuQ1Jx9r6GWrpp0FfJROc5t+scXLC1mqEZ+rkgS5egxtek6TPhnCXXJ19HbXISD2PNq+Xf/juINWSnFw==
IRwOpkpu9YMactgnjV+TjX40mtQ+kUwvSGtGfVD3wbxeJVsU2tjIlXrhDf8fva2Y6GyrCiNTeqnBuWtsWg6uqiv7JNq8FmWoeLZtwg+AswMeJBEQA4pZR29LH3GnAA==
+2Ht+ugawiEuPiuWvJAHslJx9qyGWrpp0FfJROc5t+scXLC1mqEZ+rkgS5egxtek6TPhnCXXJ1tHbHISD2PNq+Xf/juINWSnFw==
T8GLrNcKDYuLuX8ali66klJx9r6GWrpp0FfJROc5t+scXLC1mqEZ+rkgS5egxtek6TPhnCXXJltHbHISD2PNq+Xf/juINWSnFw==
0XmNpXKyf4kqHphoK/bMdUu062ufJd1QyGS7MmOr6iEh8Vt0Whae4stztCL8LnWgWH4dU4oYQks+LAEow/LJzw+DL2mnGA==
pdeqAcZ89T4eH+Oj/ElC8nXD/eBgeLrJQRkrjFru7gqrm+T6vPYlCPjWrewKoPLjnoTRcAOqGafv698Rp2A=
e2U0BGJ4X5GOnXC5M9ZUM30pOx2/MjCr9gMJ329OGtDSMJOt0MiM2Aki0PCJyim+7vmGksViE6QVreft2xOnHg==
FKGcHdsrvmOzHSeWq8jAtWsWx7IXWwJ7z4XtWadIz262IBCazsdZAwe6mlxKlCMRGJxstPEmwOyh/mlyth32bk32swit6TexM2enEg==
/7mE9XuDYVGPGew8LGZaCn40mtQ+kUwvSGtGfVD3wbxeJVsU2tjIlXrhDf8fva2Y6GyrCiNTeqnBuWtsWg6uqiv7JNq8FmWoeLZtyAmAsgMeJBEQA4pZR29LH3GnAA==
0jVT4AuhZnOXr5+CQS6Fa1LG4MBbJiHUgnJZ44QNORkVEnDK38jzLVazyY+PPhrA8gDTfbA4DEipkhCgabwprs7JxkKlkpM0tR0nvTtjpw4=
PxnSh2Z1TY8GEQ42mgJRUlJx9r6GWrpp0FfJROc5t+scXLC1mqEZ+rkgS5egxtek6TPhnCXXKVlHbHISD2PNq+Xf/juINWSnFw==
GRPkeeqxG9u+rWFSeJw+OH80mtQ+kUwvSGtGfVD3wbxeJVsU2tjIlXrhDf8fva2Y6GyrCiNTeqnBuWtsWg6uqiv7JNq8FmWoeLZtzAmAsgMeJBEQA4pZR29LH3GnAA==
LFD8k8yWwEmvt01E4OihoFLG4MBbJiHUgnJZ44QNORkVEnDK38jzLVazyY+PPhrA8gDTfbA4DEipkhCgabAprs7JxkKlkpM0tR0nvTtjpw4=
KhhaiX0y/+GROTy5X49k4hwcL55eG8DbPSzgcA0gxdAnj7DKwZTPHzfE45vdOLHg9IqZz2sboxOo4+7ZEqdh
Zf29KxwIgOO1HyvR4vDKGlJx9r6GWrpp0FfJROc5t+scXLC1mqEZ+rkgS5egxtek6TPhnCXXJ1hHbHISD2PNq+Xf/juINWSnFw==
e1Kn2Uv0zOEGSdAPgAxkPH40mtQ+kUwvSGtGfVD3wbxeJVsU2tjIlXrhDf8fva2Y6GyrCiNTeqnBuWtsWg6uqiv7JNq8FmWoeLZtwgiAsgMeJBEQA4pZR29LH3GnAA==
YOtmozuKqGXP5COxlJ9gSxs214V2NQrYWhL+qZSflfRLYVOLuOQcJeYpnXo9qLcHDH5zRI3rTSz5n+kfg6Qu4mO76YsBpxIrtD1gpxM=
YnOeBunEnDqGqIuE/GxqQlJx9r6GWrpp0FfJROc5t+scXLC1mqEZ+rkgS5egxtek6TPhnCXXK19HbHISD2PNq+Xf/juINWSnFw==
G+hUPJT9x7ZWFYy7E6eoN380mtQ+kUwvSGtGfVD3wbxeJVsU2tjIlXrhDf8fva2Y6GyrCiNTeqnBuWtsWg6uqiv7JNq8FmWoeLZtzg+AsgMeJBEQA4pZR29LH3GnAA==
G1GtJdfcdiTc6TICzgLiQhs214V2NQrYWhL+qZSflfRLYVOLuOQcJeYpnXo9qLcHDH5zRI3rTSz5n+0fg6Qu4mO76YsBpxIrtD1gpxM=
